<?xml version="1.0" encoding="UTF-8"?>
<!-- Generated by org.testng.reporters.JUnitReportReporter -->
<testsuite hostname="DESKTOP-63TRQ0M" failures="0" tests="1" name="_S_05_25_TestNG.moverload_NewTest_IT_ST" time="0.004" errors="0" timestamp="2023-12-01T12:20:17 IST" skipped="0">
  <testcase classname="_S_05_25_TestNG.moverload_NewTest_IT_ST" name="f" time="0.004"/>
</testsuite> <!-- _S_05_25_TestNG.moverload_NewTest_IT_ST -->
